Log file open, 02/24/20 15:33:15
LogWindows: Failed to load 'aqProf.dll' (GetLastError=126)
LogWindows: File 'aqProf.dll' does not exist
LogWindows: Failed to load 'VtuneApi.dll' (GetLastError=126)
LogWindows: File 'VtuneApi.dll' does not exist
LogWindows: Failed to load 'VtuneApi32e.dll' (GetLastError=126)
LogWindows: File 'VtuneApi32e.dll' does not exist
LogConsoleResponse: Display: Failed to find resolution value strings in scalability ini. Falling back to default.
LogInit: Display: Running engine for game: SonicGenerations
LogPakFile: Registered encryption key '00000000000000000000000000000000': 0 pak files mounted, 0 remain pending
LogPlatformFile: Not using cached read wrapper
LogTaskGraph: Started task graph with 5 named threads and 14 total threads with 3 sets of task threads.
LogStats: Stats thread started at 0.174407
LogD3D11RHI: Loaded GFSDK_Aftermath_Lib.x64.dll
LogICUInternationalization: ICU TimeZone Detection - Raw Offset: -6:00, Platform Override: ''
LogConfig: Warning: Failed to saved backup for config[../../../../../../Users/ramse/Documents/Unreal Projects/SonicGenerations/Intermediate/Config/CoalescedSourceConfigs/Game.ini]
LogConfig: Warning: Failed to saved backup for config[../../../../../../Users/ramse/Documents/Unreal Projects/SonicGenerations/Intermediate/Config/CoalescedSourceConfigs/Editor.ini]
LogConfig: Warning: Failed to saved backup for config[../../../../../../Users/ramse/Documents/Unreal Projects/SonicGenerations/Intermediate/Config/CoalescedSourceConfigs/EditorSettings.ini]
LogConfig: Warning: Failed to saved backup for config[../../../../../../Users/ramse/Documents/Unreal Projects/SonicGenerations/Intermediate/Config/CoalescedSourceConfigs/Compat.ini]
LogConfig: Warning: Failed to saved backup for config[../../../../../../Users/ramse/Documents/Unreal Projects/SonicGenerations/Intermediate/Config/CoalescedSourceConfigs/Scalability.ini]
LogConfig: Warning: Failed to saved backup for config[../../../../../../Users/ramse/Documents/Unreal Projects/SonicGenerations/Intermediate/Config/CoalescedSourceConfigs/Hardware.ini]
LogPluginManager: Mounting plugin Paper2D
LogConfig: Warning: Failed to saved backup for config[../../../../../../Users/ramse/Documents/Unreal Projects/SonicGenerations/Intermediate/Config/CoalescedSourceConfigs/Paper2D.ini]
LogPluginManager: Mounting plugin AISupport
LogPluginManager: Mounting plugin LightPropagationVolume
LogPluginManager: Mounting plugin ActorLayerUtilities
LogPluginManager: Mounting plugin AnimationSharing
LogPluginManager: Mounting plugin CLionSourceCodeAccess
LogPluginManager: Mounting plugin CodeLiteSourceCodeAccess
LogPluginManager: Mounting plugin GitSourceControl
LogPluginManager: Mounting plugin KDevelopSourceCodeAccess
LogPluginManager: Mounting plugin NullSourceCodeAccess
LogPluginManager: Mounting plugin PerforceSourceControl
LogPluginManager: Mounting plugin SubversionSourceControl
LogPluginManager: Mounting plugin UObjectPlugin
LogPluginManager: Mounting plugin VisualStudioCodeSourceCodeAccess
LogPluginManager: Mounting plugin VisualStudioSourceCodeAccess
LogPluginManager: Mounting plugin XCodeSourceCodeAccess
LogPluginManager: Mounting plugin AssetManagerEditor
LogPluginManager: Mounting plugin CryptoKeys
LogPluginManager: Mounting plugin DataValidation
LogPluginManager: Mounting plugin FacialAnimation
LogPluginManager: Mounting plugin GameplayTagsEditor
LogPluginManager: Mounting plugin MacGraphicsSwitching
LogPluginManager: Mounting plugin MaterialAnalyzer
LogPluginManager: Mounting plugin MobileLauncherProfileWizard
LogPluginManager: Mounting plugin PluginBrowser
LogPluginManager: Mounting plugin SpeedTreeImporter
LogPluginManager: Mounting plugin DatasmithContent
LogPluginManager: Mounting plugin VariantManagerContent
LogPluginManager: Mounting plugin AlembicImporter
LogPluginManager: Mounting plugin AppleImageUtils
LogPluginManager: Mounting plugin AppleVision
LogPluginManager: Mounting plugin BackChannel
LogPluginManager: Mounting plugin CharacterAI
LogPluginManager: Mounting plugin GeometryCache
LogPluginManager: Mounting plugin HTML5Networking
LogPluginManager: Mounting plugin ProxyLODPlugin
LogPluginManager: Mounting plugin SkeletalReduction
LogPluginManager: Mounting plugin MagicLeap
LogPluginManager: Mounting plugin MagicLeapMedia
LogPluginManager: Mounting plugin AndroidMedia
LogPluginManager: Mounting plugin AvfMedia
LogPluginManager: Mounting plugin ImgMedia
LogPluginManager: Mounting plugin LinearTimecode
LogPluginManager: Mounting plugin MediaCompositing
LogPluginManager: Mounting plugin MediaPlayerEditor
LogPluginManager: Mounting plugin WebMMedia
LogPluginManager: Mounting plugin WmfMedia
LogPluginManager: Mounting plugin TcpMessaging
LogPluginManager: Mounting plugin UdpMessaging
LogPluginManager: Mounting plugin ActorSequence
LogPluginManager: Mounting plugin LevelSequenceEditor
LogPluginManager: Mounting plugin MatineeToLevelSequence
LogPluginManager: Mounting plugin NetcodeUnitTest
LogPluginManager: Mounting plugin NUTUnrealEngine4
LogPluginManager: Mounting plugin OnlineSubsystemGooglePlay
LogPluginManager: Mounting plugin OnlineSubsystemIOS
LogPluginManager: Mounting plugin OnlineSubsystem
LogPluginManager: Mounting plugin OnlineSubsystemNull
LogPluginManager: Mounting plugin OnlineSubsystemUtils
LogPluginManager: Mounting plugin LauncherChunkInstaller
LogPluginManager: Mounting plugin AndroidDeviceProfileSelector
LogPluginManager: Mounting plugin AndroidMoviePlayer
LogPluginManager: Mounting plugin AndroidPermission
LogPluginManager: Mounting plugin AppleMoviePlayer
LogPluginManager: Mounting plugin ArchVisCharacter
LogPluginManager: Mounting plugin AudioCapture
LogPluginManager: Mounting plugin CableComponent
LogPluginManager: Mounting plugin CustomMeshComponent
LogPluginManager: Mounting plugin EditableMesh
LogPluginManager: Mounting plugin ExampleDeviceProfileSelector
LogPluginManager: Mounting plugin Firebase
LogPluginManager: Mounting plugin GoogleCloudMessaging
LogPluginManager: Mounting plugin IOSDeviceProfileSelector
LogPluginManager: Mounting plugin LinuxDeviceProfileSelector
LogPluginManager: Mounting plugin LocationServicesBPLibrary
LogPluginManager: Mounting plugin MobilePatchingUtils
LogPluginManager: Mounting plugin OculusVR
LogConfig: Warning: Failed to saved backup for config[../../../../../../Users/ramse/Documents/Unreal Projects/SonicGenerations/Intermediate/Config/CoalescedSourceConfigs/OculusVR.ini]
LogPluginManager: Mounting plugin PhysXVehicles
LogConfig: Warning: Failed to saved backup for config[../../../../../../Users/ramse/Documents/Unreal Projects/SonicGenerations/Intermediate/Config/CoalescedSourceConfigs/PhysXVehicles.ini]
LogPluginManager: Mounting plugin ProceduralMeshComponent
LogPluginManager: Mounting plugin RuntimePhysXCooking
LogPluginManager: Mounting plugin SignificanceManager
LogPluginManager: Mounting plugin SteamVR
LogPluginManager: Mounting plugin WebMMoviePlayer
LogPluginManager: Mounting plugin WindowsMoviePlayer
LogInit: Using libcurl 7.55.1-DEV
LogInit:  - built for x86_64-pc-win32
LogInit:  - supports SSL with OpenSSL/1.1.1
LogInit:  - supports HTTP deflate (compression) using libz 1.2.8
LogInit:  - other features:
LogInit:      CURL_VERSION_SSL
LogInit:      CURL_VERSION_LIBZ
LogInit:      CURL_VERSION_IPV6
LogInit:      CURL_VERSION_ASYNCHDNS
LogInit:      CURL_VERSION_LARGEFILE
LogInit:      CURL_VERSION_IDN
LogInit:  CurlRequestOptions (configurable via config and command line):
LogInit:  - bVerifyPeer = true  - Libcurl will verify peer certificate
LogInit:  - bUseHttpProxy = false  - Libcurl will NOT use HTTP proxy
LogInit:  - bDontReuseConnections = false  - Libcurl will reuse connections
LogInit:  - MaxHostConnections = 16  - Libcurl will limit the number of connections to a host
LogInit:  - LocalHostAddr = Default
LogInit:  - BufferSize = 65536
LogInit: WinSock: version 1.1 (2.2), MaxSocks=32767, MaxUdp=65467
LogInit: Build: ++UE4+Release-4.22-CL-6063286
LogInit: Engine Version: 4.22.1-6063286+++UE4+Release-4.22
LogInit: Compatible Engine Version: 4.22.0-5660361+++UE4+Release-4.22
LogInit: Net CL: 5660361
LogInit: OS: Windows 10 (Release 1909) (), CPU: Intel(R) Core(TM) i5-7300HQ CPU @ 2.50GHz, GPU: Intel(R) HD Graphics 630
LogInit: Compiled (64-bit): Apr 24 2019 04:36:48
LogInit: Compiled with Visual C++: 19.16.27025.01
LogInit: Build Configuration: Development
LogInit: Branch Name: ++UE4+Release-4.22
LogInit: Command Line: 
LogInit: Base Directory: C:/Program Files/Epic Games/UE_4.22/Engine/Binaries/Win64/
LogInit: Installed Engine Build: 1
LogDevObjectVersion: Number of dev versions registered: 23
LogDevObjectVersion:   Dev-Blueprints (B0D832E4-1F89-4F0D-ACCF-7EB736FD4AA2): 10
LogDevObjectVersion:   Dev-Build (E1C64328-A22C-4D53-A36C-8E866417BD8C): 0
LogDevObjectVersion:   Dev-Core (375EC13C-06E4-48FB-B500-84F0262A717E): 3
LogDevObjectVersion:   Dev-Editor (E4B068ED-F494-42E9-A231-DA0B2E46BB41): 30
LogDevObjectVersion:   Dev-Framework (CFFC743F-43B0-4480-9391-14DF171D2073): 35
LogDevObjectVersion:   Dev-Mobile (B02B49B5-BB20-44E9-A304-32B752E40360): 2
LogDevObjectVersion:   Dev-Networking (A4E4105C-59A1-49B5-A7C5-40C4547EDFEE): 0
LogDevObjectVersion:   Dev-Online (39C831C9-5AE6-47DC-9A44-9C173E1C8E7C): 0
LogDevObjectVersion:   Dev-Physics (78F01B33-EBEA-4F98-B9B4-84EACCB95AA2): 0
LogDevObjectVersion:   Dev-Platform (6631380F-2D4D-43E0-8009-CF276956A95A): 0
LogDevObjectVersion:   Dev-Rendering (12F88B9F-8875-4AFC-A67C-D90C383ABD29): 28
LogDevObjectVersion:   Dev-Sequencer (7B5AE74C-D270-4C10-A958-57980B212A5A): 11
LogDevObjectVersion:   Dev-VR (D7296918-1DD6-4BDD-9DE2-64A83CC13884): 2
LogDevObjectVersion:   Dev-LoadTimes (C2A15278-BFE7-4AFE-6C17-90FF531DF755): 1
LogDevObjectVersion:   Private-Geometry (6EACA3D4-40EC-4CC1-B786-8BED09428FC5): 3
LogDevObjectVersion:   Dev-AnimPhys (29E575DD-E0A3-4627-9D10-D276232CDCEA): 17
LogDevObjectVersion:   Dev-Anim (AF43A65D-7FD3-4947-9873-3E8ED9C1BB05): 2
LogDevObjectVersion:   Dev-ReflectionCapture (6B266CEC-1EC7-4B8F-A30B-E4D90942FC07): 1
LogDevObjectVersion:   Dev-Automation (0DF73D61-A23F-47EA-B727-89E90C41499A): 1
LogDevObjectVersion:   FortniteMain (601D1886-AC64-4F84-AA16-D3DE0DEAC7D6): 25
LogDevObjectVersion:   Dev-Enterprise (9DFFBCD6-494F-0158-E221-12823C92A888): 6
LogDevObjectVersion:   Dev-Niagara (F2AED0AC-9AFE-416F-8664-AA7FFA26D6FC): 1
LogDevObjectVersion:   Dev-Destruction (174F1F0B-B4C6-45A5-B13F-2EE8D0FB917D): 2
LogInit: Presizing for max 16777216 objects, including 0 objects not considered by GC, pre-allocating 0 bytes for permanent pool.
LogInit: Object subsystem initialized
LogConfig: Setting CVar [[con.DebugEarlyDefault:1]]
LogConfig: Setting CVar [[r.setres:1280x720]]
[2020.02.24-21.33.38:783][  0]LogConfig: Setting CVar [[r.VSync:0]]
[2020.02.24-21.33.38:783][  0]LogConfig: Setting CVar [[r.RHICmdBypass:0]]
[2020.02.24-21.33.38:783][  0]LogConfig: Applying CVar settings from Section [/Script/Engine.RendererSettings] File [C:/Users/ramse/Documents/Unreal Projects/SonicGenerations/Saved/Config/Windows/Engine.ini]
[2020.02.24-21.33.38:783][  0]LogConfig: Setting CVar [[r.GPUCrashDebugging:0]]
[2020.02.24-21.33.38:783][  0]LogConfig: Applying CVar settings from Section [/Script/Engine.RendererOverrideSettings] File [C:/Users/ramse/Documents/Unreal Projects/SonicGenerations/Saved/Config/Windows/Engine.ini]
[2020.02.24-21.33.38:783][  0]LogConfig: Applying CVar settings from Section [/Script/Engine.StreamingSettings] File [C:/Users/ramse/Documents/Unreal Projects/SonicGenerations/Saved/Config/Windows/Engine.ini]
[2020.02.24-21.33.38:783][  0]LogConfig: Setting CVar [[s.MinBulkDataSizeForAsyncLoading:131072]]
[2020.02.24-21.33.38:783][  0]LogConfig: Setting CVar [[s.AsyncLoadingThreadEnabled:0]]
[2020.02.24-21.33.38:783][  0]LogConfig: Setting CVar [[s.EventDrivenLoaderEnabled:1]]
[2020.02.24-21.33.38:783][  0]LogConfig: Setting CVar [[s.WarnIfTimeLimitExceeded:0]]
[2020.02.24-21.33.38:783][  0]LogConfig: Setting CVar [[s.TimeLimitExceededMultiplier:1.5]]
[2020.02.24-21.33.38:783][  0]LogConfig: Setting CVar [[s.TimeLimitExceededMinTime:0.005]]
[2020.02.24-21.33.38:784][  0]LogConfig: Setting CVar [[s.UseBackgroundLevelStreaming:1]]
[2020.02.24-21.33.38:784][  0]LogConfig: Setting CVar [[s.PriorityAsyncLoadingExtraTime:15.0]]
[2020.02.24-21.33.38:784][  0]LogConfig: Setting CVar [[s.LevelStreamingActorsUpdateTimeLimit:5.0]]
[2020.02.24-21.33.38:784][  0]LogConfig: Setting CVar [[s.PriorityLevelStreamingActorsUpdateExtraTime:5.0]]
[2020.02.24-21.33.38:784][  0]LogConfig: Setting CVar [[s.LevelStreamingComponentsRegistrationGranularity:10]]
[2020.02.24-21.33.38:784][  0]LogConfig: Setting CVar [[s.UnregisterComponentsTimeLimit:1.0]]
[2020.02.24-21.33.38:784][  0]LogConfig: Setting CVar [[s.LevelStreamingComponentsUnregistrationGranularity:5]]
[2020.02.24-21.33.38:784][  0]LogConfig: Applying CVar settings from Section [/Script/Engine.GarbageCollectionSettings] File [C:/Users/ramse/Documents/Unreal Projects/SonicGenerations/Saved/Config/Windows/Engine.ini]
[2020.02.24-21.33.38:784][  0]LogConfig: Setting CVar [[gc.MaxObjectsNotConsideredByGC:1]]
[2020.02.24-21.33.38:784][  0]LogConfig: Setting CVar [[gc.SizeOfPermanentObjectPool:0]]
[2020.02.24-21.33.38:784][  0]LogConfig: Setting CVar [[gc.FlushStreamingOnGC:0]]
[2020.02.24-21.33.38:784][  0]LogConfig: Setting CVar [[gc.NumRetriesBeforeForcingGC:10]]
[2020.02.24-21.33.38:784][  0]LogConfig: Setting CVar [[gc.AllowParallelGC:1]]
[2020.02.24-21.33.38:784][  0]LogConfig: Setting CVar [[gc.TimeBetweenPurgingPendingKillObjects:61.1]]
[2020.02.24-21.33.38:785][  0]LogConfig: Setting CVar [[gc.MaxObjectsInEditor:16777216]]
[2020.02.24-21.33.38:785][  0]LogConfig: Setting CVar [[gc.IncrementalBeginDestroyEnabled:1]]
[2020.02.24-21.33.38:785][  0]LogConfig: Setting CVar [[gc.CreateGCClusters:1]]
[2020.02.24-21.33.38:785][  0]LogConfig: Setting CVar [[gc.MinGCClusterSize:5]]
[2020.02.24-21.33.38:785][  0]LogConfig: Setting CVar [[gc.ActorClusteringEnabled:0]]
[2020.02.24-21.33.38:785][  0]LogConfig: Setting CVar [[gc.BlueprintClusteringEnabled:0]]
[2020.02.24-21.33.38:785][  0]LogConfig: Setting CVar [[gc.UseDisregardForGCOnDedicatedServers:0]]
[2020.02.24-21.33.38:785][  0]LogConfig: Applying CVar settings from Section [/Script/Engine.NetworkSettings] File [C:/Users/ramse/Documents/Unreal Projects/SonicGenerations/Saved/Config/Windows/Engine.ini]
[2020.02.24-21.33.38:785][  0]LogConfig: Applying CVar settings from Section [/Script/UnrealEd.CookerSettings] File [C:/Users/ramse/Documents/Unreal Projects/SonicGenerations/Saved/Config/Windows/Engine.ini]
[2020.02.24-21.33.38:948][  0]LogConfig: Applying CVar settings from Section [ViewDistanceQuality@3] File [C:/Users/ramse/Documents/Unreal Projects/SonicGenerations/Saved/Config/Windows/Scalability.ini]
[2020.02.24-21.33.38:948][  0]LogConfig: Setting CVar [[r.SkeletalMeshLODBias:0]]
[2020.02.24-21.33.38:948][  0]LogConfig: Setting CVar [[r.ViewDistanceScale:1.0]]
[2020.02.24-21.33.38:948][  0]LogConfig: Applying CVar settings from Section [AntiAliasingQuality@3] File [C:/Users/ramse/Documents/Unreal Projects/SonicGenerations/Saved/Config/Windows/Scalability.ini]
[2020.02.24-21.33.38:948][  0]LogConfig: Setting CVar [[r.PostProcessAAQuality:4]]
[2020.02.24-21.33.38:948][  0]LogConfig: Applying CVar settings from Section [ShadowQuality@3] File [C:/Users/ramse/Documents/Unreal Projects/SonicGenerations/Saved/Config/Windows/Scalability.ini]
[2020.02.24-21.33.38:948][  0]LogConfig: Setting CVar [[r.LightFunctionQuality:1]]
[2020.02.24-21.33.38:948][  0]LogConfig: Setting CVar [[r.ShadowQuality:5]]
[2020.02.24-21.33.38:948][  0]LogConfig: Setting CVar [[r.Shadow.CSM.MaxCascades:10]]
[2020.02.24-21.33.38:949][  0]LogConfig: Setting CVar [[r.Shadow.MaxResolution:2048]]
[2020.02.24-21.33.38:949][  0]LogConfig: Setting CVar [[r.Shadow.MaxCSMResolution:2048]]
[2020.02.24-21.33.38:949][  0]LogConfig: Setting CVar [[r.Shadow.RadiusThreshold:0.01]]
[2020.02.24-21.33.38:949][  0]LogConfig: Setting CVar [[r.Shadow.DistanceScale:1.0]]
[2020.02.24-21.33.38:949][  0]LogConfig: Setting CVar [[r.Shadow.CSM.TransitionScale:1.0]]
[2020.02.24-21.33.38:949][  0]LogConfig: Setting CVar [[r.Shadow.PreShadowResolutionFactor:1.0]]
[2020.02.24-21.33.38:949][  0]LogConfig: Setting CVar [[r.DistanceFieldShadowing:1]]
[2020.02.24-21.33.38:949][  0]LogConfig: Setting CVar [[r.DistanceFieldAO:1]]
[2020.02.24-21.33.38:949][  0]LogConfig: Setting CVar [[r.AOQuality:2]]
[2020.02.24-21.33.38:949][  0]LogConfig: Setting CVar [[r.VolumetricFog:1]]
[2020.02.24-21.33.38:949][  0]LogConfig: Setting CVar [[r.VolumetricFog.GridPixelSize:8]]
[2020.02.24-21.33.38:949][  0]LogConfig: Setting CVar [[r.VolumetricFog.GridSizeZ:128]]
[2020.02.24-21.33.38:949][  0]LogConfig: Setting CVar [[r.VolumetricFog.HistoryMissSupersampleCount:4]]
[2020.02.24-21.33.38:949][  0]LogConfig: Setting CVar [[r.LightMaxDrawDistanceScale:1]]
[2020.02.24-21.33.38:949][  0]LogConfig: Setting CVar [[r.CapsuleShadows:1]]
[2020.02.24-21.33.38:949][  0]LogConfig: Applying CVar settings from Section [PostProcessQuality@3] File [C:/Users/ramse/Documents/Unreal Projects/SonicGenerations/Saved/Config/Windows/Scalability.ini]
[2020.02.24-21.33.38:949][  0]LogConfig: Setting CVar [[r.MotionBlurQuality:4]]
[2020.02.24-21.33.38:950][  0]LogConfig: Setting CVar [[r.AmbientOcclusionMipLevelFactor:0.4]]
[2020.02.24-21.33.38:950][  0]LogConfig: Setting CVar [[r.AmbientOcclusionMaxQuality:100]]
[2020.02.24-21.33.38:950][  0]LogConfig: Setting CVar [[r.AmbientOcclusionLevels:-1]]
[2020.02.24-21.33.38:950][  0]LogConfig: Setting CVar [[r.AmbientOcclusionRadiusScale:1.0]]
[2020.02.24-21.33.38:950][  0]LogConfig: Setting CVar [[r.DepthOfFieldQuality:2]]
[2020.02.24-21.33.38:950][  0]LogConfig: Setting CVar [[r.RenderTargetPoolMin:400]]
[2020.02.24-21.33.38:950][  0]LogConfig: Setting CVar [[r.LensFlareQuality:2]]
[2020.02.24-21.33.38:950][  0]LogConfig: Setting CVar [[r.SceneColorFringeQuality:1]]
[2020.02.24-21.33.38:950][  0]LogConfig: Setting CVar [[r.EyeAdaptationQuality:2]]
[2020.02.24-21.33.38:950][  0]LogConfig: Setting CVar [[r.BloomQuality:5]]
[2020.02.24-21.33.38:950][  0]LogConfig: Setting CVar [[r.FastBlurThreshold:100]]
[2020.02.24-21.33.38:950][  0]LogConfig: Setting CVar [[r.Upscale.Quality:3]]
[2020.02.24-21.33.38:950][  0]LogConfig: Setting CVar [[r.Tonemapper.GrainQuantization:1]]
[2020.02.24-21.33.38:950][  0]LogConfig: Setting CVar [[r.LightShaftQuality:1]]
[2020.02.24-21.33.38:950][  0]LogConfig: Setting CVar [[r.Filter.SizeScale:1]]
[2020.02.24-21.33.38:950][  0]LogConfig: Setting CVar [[r.Tonemapper.Quality:5]]
[2020.02.24-21.33.38:950][  0]LogConfig: Setting CVar [[r.DOF.Gather.AccumulatorQuality:1        ; higher gathering accumulator quality]]
[2020.02.24-21.33.38:950][  0]LogConfig: Setting CVar [[r.DOF.Gather.PostfilterMethod:1          ; Median3x3 postfilering method]]
[2020.02.24-21.33.38:951][  0]LogConfig: Setting CVar [[r.DOF.Gather.EnableBokehSettings:0       ; no bokeh simulation when gathering]]
[2020.02.24-21.33.38:951][  0]LogConfig: Setting CVar [[r.DOF.Gather.RingCount:4                 ; medium number of samples when gathering]]
[2020.02.24-21.33.38:951][  0]LogConfig: Setting CVar [[r.DOF.Scatter.ForegroundCompositing:1    ; additive foreground scattering]]
[2020.02.24-21.33.38:951][  0]LogConfig: Setting CVar [[r.DOF.Scatter.BackgroundCompositing:2    ; additive background scattering]]
[2020.02.24-21.33.38:951][  0]LogConfig: Setting CVar [[r.DOF.Scatter.EnableBokehSettings:1      ; bokeh simulation when scattering]]
[2020.02.24-21.33.38:951][  0]LogConfig: Setting CVar [[r.DOF.Scatter.MaxSpriteRatio:0.1         ; only a maximum of 10% of scattered bokeh]]
[2020.02.24-21.33.38:951][  0]LogConfig: Setting CVar [[r.DOF.Recombine.Quality:1                ; cheap slight out of focus]]
[2020.02.24-21.33.38:951][  0]LogConfig: Setting CVar [[r.DOF.Recombine.EnableBokehSettings:0    ; no bokeh simulation on slight out of focus]]
[2020.02.24-21.33.38:951][  0]LogConfig: Setting CVar [[r.DOF.TemporalAAQuality:1                ; more stable temporal accumulation]]
[2020.02.24-21.33.38:951][  0]LogConfig: Setting CVar [[r.DOF.Kernel.MaxForegroundRadius:0.025]]
[2020.02.24-21.33.38:951][  0]LogConfig: Setting CVar [[r.DOF.Kernel.MaxBackgroundRadius:0.025]]
[2020.02.24-21.33.38:951][  0]LogConfig: Applying CVar settings from Section [TextureQuality@3] File [C:/Users/ramse/Documents/Unreal Projects/SonicGenerations/Saved/Config/Windows/Scalability.ini]
[2020.02.24-21.33.38:951][  0]LogConfig: Setting CVar [[r.Streaming.MipBias:0]]
[2020.02.24-21.33.38:951][  0]LogConfig: Setting CVar [[r.Streaming.AmortizeCPUToGPUCopy:0]]
[2020.02.24-21.33.38:951][  0]LogConfig: Setting CVar [[r.Streaming.MaxNumTexturesToStreamPerFrame:0]]
[2020.02.24-21.33.38:951][  0]LogConfig: Setting CVar [[r.Streaming.Boost:1]]
[2020.02.24-21.33.38:951][  0]LogConfig: Setting CVar [[r.MaxAnisotropy:8]]
[2020.02.24-21.33.38:951][  0]LogConfig: Setting CVar [[r.Streaming.LimitPoolSizeToVRAM:0]]
[2020.02.24-21.33.38:952][  0]LogConfig: Setting CVar [[r.Streaming.PoolSize:1000]]
[2020.02.24-21.33.38:952][  0]LogConfig: Setting CVar [[r.Streaming.MaxEffectiveScreenSize:0]]
[2020.02.24-21.33.38:952][  0]LogConfig: Applying CVar settings from Section [EffectsQuality@3] File [C:/Users/ramse/Documents/Unreal Projects/SonicGenerations/Saved/Config/Windows/Scalability.ini]
[2020.02.24-21.33.38:952][  0]LogConfig: Setting CVar [[r.TranslucencyLightingVolumeDim:64]]
[2020.02.24-21.33.38:952][  0]LogConfig: Setting CVar [[r.RefractionQuality:2]]
[2020.02.24-21.33.38:952][  0]LogConfig: Setting CVar [[r.SSR.Quality:3]]
[2020.02.24-21.33.38:952][  0]LogConfig: Setting CVar [[r.SceneColorFormat:4]]
[2020.02.24-21.33.38:952][  0]LogConfig: Setting CVar [[r.DetailMode:2]]
[2020.02.24-21.33.38:952][  0]LogConfig: Setting CVar [[r.TranslucencyVolumeBlur:1]]
[2020.02.24-21.33.38:952][  0]LogConfig: Setting CVar [[r.MaterialQualityLevel:1 ; High quality]]
[2020.02.24-21.33.38:952][  0]LogConfig: Setting CVar [[r.SSS.Scale:1]]
[2020.02.24-21.33.38:952][  0]LogConfig: Setting CVar [[r.SSS.SampleSet:2]]
[2020.02.24-21.33.38:952][  0]LogConfig: Setting CVar [[r.SSS.Quality:1]]
[2020.02.24-21.33.38:953][  0]LogConfig: Setting CVar [[r.SSS.HalfRes:1]]
[2020.02.24-21.33.38:953][  0]LogConfig: Setting CVar [[r.EmitterSpawnRateScale:1.0]]
[2020.02.24-21.33.38:953][  0]LogConfig: Setting CVar [[r.ParticleLightQuality:2]]
[2020.02.24-21.33.38:953][  0]LogConfig: Applying CVar settings from Section [FoliageQuality@3] File [C:/Users/ramse/Documents/Unreal Projects/SonicGenerations/Saved/Config/Windows/Scalability.ini]
[2020.02.24-21.33.38:953][  0]LogConfig: Setting CVar [[foliage.DensityScale:1.0]]
[2020.02.24-21.33.38:953][  0]LogConfig: Setting CVar [[grass.DensityScale:1.0]]
[2020.02.24-21.33.38:996][  0]LogInit: Selected Device Profile: [Windows]
[2020.02.24-21.33.38:997][  0]LogInit: Applying CVar settings loaded from the selected device profile: [Windows]
[2020.02.24-21.33.39:338][  0]LogHAL: Display: Platform has ~ 16 GB [17048965120 / 17179869184 / 16], which maps to Larger [LargestMinGB=32, LargerMinGB=12, DefaultMinGB=8, SmallerMinGB=6, SmallestMinGB=0)
[2020.02.24-21.33.39:339][  0]LogConfig: Setting CVar [[r.Vulkan.UseRealUBs:0		; Required until we fix HLR fall-out]]
[2020.02.24-21.33.39:340][  0]LogInit: Going up to parent DeviceProfile []
[2020.02.24-21.33.39:341][  0]LogConfig: Applying CVar settings from Section [ViewDistanceQuality@3] File [C:/Users/ramse/Documents/Unreal Projects/SonicGenerations/Saved/Config/Windows/Scalability.ini]
[2020.02.24-21.33.39:341][  0]LogConfig: Setting CVar [[r.SkeletalMeshLODBias:0]]
[2020.02.24-21.33.39:341][  0]LogConfig: Setting CVar [[r.ViewDistanceScale:1.0]]
[2020.02.24-21.33.39:341][  0]LogConfig: Applying CVar settings from Section [AntiAliasingQuality@3] File [C:/Users/ramse/Documents/Unreal Projects/SonicGenerations/Saved/Config/Windows/Scalability.ini]
[2020.02.24-21.33.39:341][  0]LogConfig: Setting CVar [[r.PostProcessAAQuality:4]]
[2020.02.24-21.33.39:341][  0]LogConfig: Applying CVar settings from Section [ShadowQuality@3] File [C:/Users/ramse/Documents/Unreal Projects/SonicGenerations/Saved/Config/Windows/Scalability.ini]
[2020.02.24-21.33.39:341][  0]LogConfig: Setting CVar [[r.LightFunctionQuality:1]]
[2020.02.24-21.33.39:341][  0]LogConfig: Setting CVar [[r.ShadowQuality:5]]
[2020.02.24-21.33.39:341][  0]LogConfig: Setting CVar [[r.Shadow.CSM.MaxCascades:10]]
[2020.02.24-21.33.39:342][  0]LogConfig: Setting CVar [[r.Shadow.MaxResolution:2048]]
[2020.02.24-21.33.39:342][  0]LogConfig: Setting CVar [[r.Shadow.MaxCSMResolution:2048]]
[2020.02.24-21.33.39:342][  0]LogConfig: Setting CVar [[r.Shadow.RadiusThreshold:0.01]]
[2020.02.24-21.33.39:342][  0]LogConfig: Setting CVar [[r.Shadow.DistanceScale:1.0]]
[2020.02.24-21.33.39:342][  0]LogConfig: Setting CVar [[r.Shadow.CSM.TransitionScale:1.0]]
[2020.02.24-21.33.39:342][  0]LogConfig: Setting CVar [[r.Shadow.PreShadowResolutionFactor:1.0]]
[2020.02.24-21.33.39:342][  0]LogConfig: Setting CVar [[r.DistanceFieldShadowing:1]]
[2020.02.24-21.33.39:342][  0]LogConfig: Setting CVar [[r.DistanceFieldAO:1]]
[2020.02.24-21.33.39:342][  0]LogConfig: Setting CVar [[r.AOQuality:2]]
[2020.02.24-21.33.39:342][  0]LogConfig: Setting CVar [[r.VolumetricFog:1]]
[2020.02.24-21.33.39:342][  0]LogConfig: Setting CVar [[r.VolumetricFog.GridPixelSize:8]]
[2020.02.24-21.33.39:342][  0]LogConfig: Setting CVar [[r.VolumetricFog.GridSizeZ:128]]
[2020.02.24-21.33.39:342][  0]LogConfig: Setting CVar [[r.VolumetricFog.HistoryMissSupersampleCount:4]]
[2020.02.24-21.33.39:342][  0]LogConfig: Setting CVar [[r.LightMaxDrawDistanceScale:1]]
[2020.02.24-21.33.39:342][  0]LogConfig: Setting CVar [[r.CapsuleShadows:1]]
[2020.02.24-21.33.39:342][  0]LogConfig: Applying CVar settings from Section [PostProcessQuality@3] File [C:/Users/ramse/Documents/Unreal Projects/SonicGenerations/Saved/Config/Windows/Scalability.ini]
[2020.02.24-21.33.39:343][  0]LogConfig: Setting CVar [[r.MotionBlurQuality:4]]
[2020.02.24-21.33.39:343][  0]LogConfig: Setting CVar [[r.AmbientOcclusionMipLevelFactor:0.4]]
[2020.02.24-21.33.39:343][  0]LogConfig: Setting CVar [[r.AmbientOcclusionMaxQuality:100]]
[2020.02.24-21.33.39:343][  0]LogConfig: Setting CVar [[r.AmbientOcclusionLevels:-1]]
[2020.02.24-21.33.39:343][  0]LogConfig: Setting CVar [[r.AmbientOcclusionRadiusScale:1.0]]
[2020.02.24-21.33.39:343][  0]LogConfig: Setting CVar [[r.DepthOfFieldQuality:2]]
[2020.02.24-21.33.39:343][  0]LogConfig: Setting CVar [[r.RenderTargetPoolMin:400]]
[2020.02.24-21.33.39:343][  0]LogConfig: Setting CVar [[r.LensFlareQuality:2]]
[2020.02.24-21.33.39:343][  0]LogConfig: Setting CVar [[r.SceneColorFringeQuality:1]]
[2020.02.24-21.33.39:343][  0]LogConfig: Setting CVar [[r.EyeAdaptationQuality:2]]
[2020.02.24-21.33.39:343][  0]LogConfig: Setting CVar [[r.BloomQuality:5]]
[2020.02.24-21.33.39:343][  0]LogConfig: Setting CVar [[r.FastBlurThreshold:100]]
[2020.02.24-21.33.39:343][  0]LogConfig: Setting CVar [[r.Upscale.Quality:3]]
[2020.02.24-21.33.39:343][  0]LogConfig: Setting CVar [[r.Tonemapper.GrainQuantization:1]]
[2020.02.24-21.33.39:343][  0]LogConfig: Setting CVar [[r.LightShaftQuality:1]]
[2020.02.24-21.33.39:343][  0]LogConfig: Setting CVar [[r.Filter.SizeScale:1]]
[2020.02.24-21.33.39:343][  0]LogConfig: Setting CVar [[r.Tonemapper.Quality:5]]
[2020.02.24-21.33.39:344][  0]LogConfig: Setting CVar [[r.DOF.Gather.AccumulatorQuality:1        ; higher gathering accumulator quality]]
[2020.02.24-21.33.39:344][  0]LogConfig: Setting CVar [[r.DOF.Gather.PostfilterMethod:1          ; Median3x3 postfilering method]]
[2020.02.24-21.33.39:344][  0]LogConfig: Setting CVar [[r.DOF.Gather.EnableBokehSettings:0       ; no bokeh simulation when gathering]]
[2020.02.24-21.33.39:344][  0]LogConfig: Setting CVar [[r.DOF.Gather.RingCount:4                 ; medium number of samples when gathering]]
[2020.02.24-21.33.39:344][  0]LogConfig: Setting CVar [[r.DOF.Scatter.ForegroundCompositing:1    ; additive foreground scattering]]
[2020.02.24-21.33.39:344][  0]LogConfig: Setting CVar [[r.DOF.Scatter.BackgroundCompositing:2    ; additive background scattering]]
[2020.02.24-21.33.39:344][  0]LogConfig: Setting CVar [[r.DOF.Scatter.EnableBokehSettings:1      ; bokeh simulation when scattering]]
[2020.02.24-21.33.39:344][  0]LogConfig: Setting CVar [[r.DOF.Scatter.MaxSpriteRatio:0.1         ; only a maximum of 10% of scattered bokeh]]
[2020.02.24-21.33.39:344][  0]LogConfig: Setting CVar [[r.DOF.Recombine.Quality:1                ; cheap slight out of focus]]
[2020.02.24-21.33.39:344][  0]LogConfig: Setting CVar [[r.DOF.Recombine.EnableBokehSettings:0    ; no bokeh simulation on slight out of focus]]
[2020.02.24-21.33.39:344][  0]LogConfig: Setting CVar [[r.DOF.TemporalAAQuality:1                ; more stable temporal accumulation]]
[2020.02.24-21.33.39:344][  0]LogConfig: Setting CVar [[r.DOF.Kernel.MaxForegroundRadius:0.025]]
[2020.02.24-21.33.39:344][  0]LogConfig: Setting CVar [[r.DOF.Kernel.MaxBackgroundRadius:0.025]]
[2020.02.24-21.33.39:344][  0]LogConfig: Applying CVar settings from Section [TextureQuality@3] File [C:/Users/ramse/Documents/Unreal Projects/SonicGenerations/Saved/Config/Windows/Scalability.ini]
[2020.02.24-21.33.39:344][  0]LogConfig: Setting CVar [[r.Streaming.MipBias:0]]
[2020.02.24-21.33.39:344][  0]LogConfig: Setting CVar [[r.Streaming.AmortizeCPUToGPUCopy:0]]
[2020.02.24-21.33.39:344][  0]LogConfig: Setting CVar [[r.Streaming.MaxNumTexturesToStreamPerFrame:0]]
[2020.02.24-21.33.39:344][  0]LogConfig: Setting CVar [[r.Streaming.Boost:1]]
[2020.02.24-21.33.39:345][  0]LogConfig: Setting CVar [[r.MaxAnisotropy:8]]
[2020.02.24-21.33.39:345][  0]LogConfig: Setting CVar [[r.Streaming.LimitPoolSizeToVRAM:0]]
[2020.02.24-21.33.39:345][  0]LogConfig: Setting CVar [[r.Streaming.PoolSize:1000]]
[2020.02.24-21.33.39:345][  0]LogConfig: Setting CVar [[r.Streaming.MaxEffectiveScreenSize:0]]
[2020.02.24-21.33.39:345][  0]LogConfig: Applying CVar settings from Section [EffectsQuality@3] File [C:/Users/ramse/Documents/Unreal Projects/SonicGenerations/Saved/Config/Windows/Scalability.ini]
[2020.02.24-21.33.39:345][  0]LogConfig: Setting CVar [[r.TranslucencyLightingVolumeDim:64]]
[2020.02.24-21.33.39:345][  0]LogConfig: Setting CVar [[r.RefractionQuality:2]]
[2020.02.24-21.33.39:345][  0]LogConfig: Setting CVar [[r.SSR.Quality:3]]
[2020.02.24-21.33.39:345][  0]LogConfig: Setting CVar [[r.SceneColorFormat:4]]
[2020.02.24-21.33.39:345][  0]LogConfig: Setting CVar [[r.DetailMode:2]]
[2020.02.24-21.33.39:345][  0]LogConfig: Setting CVar [[r.TranslucencyVolumeBlur:1]]
[2020.02.24-21.33.39:345][  0]LogConfig: Setting CVar [[r.MaterialQualityLevel:1 ; High quality]]
[2020.02.24-21.33.39:345][  0]LogConfig: Setting CVar [[r.SSS.Scale:1]]
[2020.02.24-21.33.39:345][  0]LogConfig: Setting CVar [[r.SSS.SampleSet:2]]
[2020.02.24-21.33.39:345][  0]LogConfig: Setting CVar [[r.SSS.Quality:1]]
[2020.02.24-21.33.39:345][  0]LogConfig: Setting CVar [[r.SSS.HalfRes:1]]
[2020.02.24-21.33.39:345][  0]LogConfig: Setting CVar [[r.EmitterSpawnRateScale:1.0]]
[2020.02.24-21.33.39:345][  0]LogConfig: Setting CVar [[r.ParticleLightQuality:2]]
[2020.02.24-21.33.39:346][  0]LogConfig: Applying CVar settings from Section [FoliageQuality@3] File [C:/Users/ramse/Documents/Unreal Projects/SonicGenerations/Saved/Config/Windows/Scalability.ini]
[2020.02.24-21.33.39:346][  0]LogConfig: Setting CVar [[foliage.DensityScale:1.0]]
[2020.02.24-21.33.39:346][  0]LogConfig: Setting CVar [[grass.DensityScale:1.0]]
[2020.02.24-21.33.39:346][  0]LogConfig: Applying CVar settings from Section [Startup] File [../../../Engine/Config/ConsoleVariables.ini]
[2020.02.24-21.33.39:377][  0]LogConfig: Setting CVar [[net.UseAdaptiveNetUpdateFrequency:0]]
[2020.02.24-21.33.39:377][  0]LogConfig: Setting CVar [[p.chaos.AllowCreatePhysxBodies:1]]
[2020.02.24-21.33.39:377][  0]LogConfig: Applying CVar settings from Section [ConsoleVariables] File [C:/Users/ramse/Documents/Unreal Projects/SonicGenerations/Saved/Config/Windows/Engine.ini]
[2020.02.24-21.33.39:460][  0]LogInit: Computer: LAPTOP-BGAV0320
[2020.02.24-21.33.39:460][  0]LogInit: User: ramse
[2020.02.24-21.33.39:460][  0]LogInit: CPU Page size=4096, Cores=4
[2020.02.24-21.33.39:460][  0]LogInit: High frequency timer resolution =10.000000 MHz
[2020.02.24-21.33.39:477][  0]LogMemory: Memory total: Physical=15.9GB (16GB approx)
[2020.02.24-21.33.39:477][  0]LogMemory: Platform Memory Stats for Windows
[2020.02.24-21.33.39:477][  0]LogMemory: Process Physical Memory: 98.48 MB used, 98.49 MB peak
[2020.02.24-21.33.39:477][  0]LogMemory: Process Virtual Memory: 94.29 MB used, 94.29 MB peak
[2020.02.24-21.33.39:477][  0]LogMemory: Physical Memory: 4052.73 MB used,  12206.43 MB free, 16259.16 MB total
[2020.02.24-21.33.39:477][  0]LogMemory: Virtual Memory: 4635.38 MB used,  134213096.00 MB free, 134217728.00 MB total
[2020.02.24-21.33.41:778][  0]LogInit: Overriding language with editor language configuration option (en).
[2020.02.24-21.33.41:778][  0]LogInit: Overriding locale with editor locale configuration option (en).
[2020.02.24-21.33.45:037][  0]LogInit: Setting process to per monitor DPI aware
[2020.02.24-21.33.46:637][  0]LogSlate: New Slate User Created.  User Index 0, Is Virtual User: 0
[2020.02.24-21.33.46:637][  0]LogSlate: Slate User Registered.  User Index 0, Is Virtual User: 0
[2020.02.24-21.33.59:194][  0]LogHMD: Failed to initialize OpenVR with code 110
[2020.02.24-21.33.59:194][  0]LogD3D11RHI: D3D11 adapters:
[2020.02.24-21.33.59:450][  0]LogD3D11RHI:    0. 'NVIDIA GeForce GTX 1050' (Feature Level 11_0)
[2020.02.24-21.33.59:450][  0]LogD3D11RHI:       1979/0/8129 MB DedicatedVideo/DedicatedSystem/SharedSystem, Outputs:1, VendorId:0x10de
[2020.02.24-21.33.59:493][  0]LogD3D11RHI:    1. 'Intel(R) HD Graphics 630' (Feature Level 11_0)
[2020.02.24-21.33.59:493][  0]LogD3D11RHI:       128/0/8129 MB DedicatedVideo/DedicatedSystem/SharedSystem, Outputs:0, VendorId:0x8086
[2020.02.24-21.33.59:496][  0]LogD3D11RHI:    2. 'Microsoft Basic Render Driver' (Feature Level 11_0)
[2020.02.24-21.33.59:496][  0]LogD3D11RHI:       0/0/8129 MB DedicatedVideo/DedicatedSystem/SharedSystem, Outputs:0, VendorId:0x1414
[2020.02.24-21.33.59:496][  0]LogD3D11RHI: Chosen D3D11 Adapter: 0
[2020.02.24-21.33.59:580][  0]LogD3D11RHI: Creating new Direct3DDevice
[2020.02.24-21.33.59:580][  0]LogD3D11RHI:     GPU DeviceId: 0x1c8d (for the marketing name, search the web for "GPU Device Id")
[2020.02.24-21.33.59:580][  0]LogWindows: EnumDisplayDevices:
[2020.02.24-21.33.59:580][  0]LogWindows:    0. 'Intel(R) HD Graphics 630' (P:1 D:1)
[2020.02.24-21.33.59:581][  0]LogWindows:    1. 'Intel(R) HD Graphics 630' (P:0 D:0)
[2020.02.24-21.33.59:581][  0]LogWindows:    2. 'Intel(R) HD Graphics 630' (P:0 D:0)
[2020.02.24-21.33.59:581][  0]LogWindows: DebugString: PrimaryIsNotTheChoosenAdapter PrimaryIsNotTheChoosenAdapter PrimaryIsNotTheChoosenAdapter FoundDriverCount:0 
[2020.02.24-21.33.59:581][  0]LogD3D11RHI:     Adapter Name: NVIDIA GeForce GTX 1050
[2020.02.24-21.33.59:581][  0]LogD3D11RHI:   Driver Version: Unknown (internal:Unknown, unified:Unknown)
[2020.02.24-21.33.59:581][  0]LogD3D11RHI:      Driver Date: Unknown
[2020.02.24-21.33.59:581][  0]LogRHI: Texture pool is 1385 MB (70% of 1979 MB)
[2020.02.24-21.33.59:653][  0]LogD3D11RHI: Async texture creation enabled
[2020.02.24-21.34.00:201][  0]LogRendererCore: FGlobalReadBuffer::InitRHI
[2020.02.24-21.34.00:207][  0]LogRendererCore: FGlobalReadBuffer::InitRHI
[2020.02.24-21.34.00:207][  0]LogRendererCore: FGlobalReadBuffer::InitRHI
[2020.02.24-21.34.00:263][  0]LogD3D11RHI: GPU Timing Frequency: 1000.000000 (Debug: 2 1)
[2020.02.24-21.34.01:734][  0]LogTemp: Display: Module 'AllDesktopTargetPlatform' loaded TargetPlatform 'AllDesktop'
[2020.02.24-21.34.01:748][  0]LogTemp: Display: Module 'MacClientTargetPlatform' loaded TargetPlatform 'MacClient'
[2020.02.24-21.34.01:768][  0]LogTemp: Display: Module 'MacNoEditorTargetPlatform' loaded TargetPlatform 'MacNoEditor'
[2020.02.24-21.34.01:913][  0]LogTemp: Display: Module 'MacServerTargetPlatform' loaded TargetPlatform 'MacServer'
[2020.02.24-21.34.02:010][  0]LogTemp: Display: Module 'MacTargetPlatform' loaded TargetPlatform 'Mac'
[2020.02.24-21.34.02:129][  0]LogTemp: Display: Module 'WindowsClientTargetPlatform' loaded TargetPlatform 'WindowsClient'
[2020.02.24-21.34.02:210][  0]LogTemp: Display: Module 'WindowsNoEditorTargetPlatform' loaded TargetPlatform 'WindowsNoEditor'
[2020.02.24-21.34.02:246][  0]LogTemp: Display: Module 'WindowsServerTargetPlatform' loaded TargetPlatform 'WindowsServer'
[2020.02.24-21.34.02:275][  0]LogTemp: Display: Module 'WindowsTargetPlatform' loaded TargetPlatform 'Windows'
[2020.02.24-21.34.02:466][  0]LogTemp: Display: Module 'AndroidTargetPlatform' loaded TargetPlatform 'Android'
[2020.02.24-21.34.02:466][  0]LogTemp: Display: Module 'AndroidTargetPlatform' loaded TargetPlatform 'Android_ASTC'
[2020.02.24-21.34.02:466][  0]LogTemp: Display: Module 'AndroidTargetPlatform' loaded TargetPlatform 'Android_ATC'
[2020.02.24-21.34.02:466][  0]LogTemp: Display: Module 'AndroidTargetPlatform' loaded TargetPlatform 'Android_DXT'
[2020.02.24-21.34.02:466][  0]LogTemp: Display: Module 'AndroidTargetPlatform' loaded TargetPlatform 'Android_ETC1'
[2020.02.24-21.34.02:466][  0]LogTemp: Display: Module 'AndroidTargetPlatform' loaded TargetPlatform 'Android_ETC1a'
[2020.02.24-21.34.02:466][  0]LogTemp: Display: Module 'AndroidTargetPlatform' loaded TargetPlatform 'Android_ETC2'
[2020.02.24-21.34.02:466][  0]LogTemp: Display: Module 'AndroidTargetPlatform' loaded TargetPlatform 'Android_PVRTC'
[2020.02.24-21.34.02:466][  0]LogTemp: Display: Module 'AndroidTargetPlatform' loaded TargetPlatform 'AndroidClient'
[2020.02.24-21.34.02:466][  0]LogTemp: Display: Module 'AndroidTargetPlatform' loaded TargetPlatform 'Android_ASTCClient'
[2020.02.24-21.34.02:466][  0]LogTemp: Display: Module 'AndroidTargetPlatform' loaded TargetPlatform 'Android_ATCClient'
[2020.02.24-21.34.02:466][  0]LogTemp: Display: Module 'AndroidTargetPlatform' loaded TargetPlatform 'Android_DXTClient'
[2020.02.24-21.34.02:466][  0]LogTemp: Display: Module 'AndroidTargetPlatform' loaded TargetPlatform 'Android_ETC1Client'
[2020.02.24-21.34.02:466][  0]LogTemp: Display: Module 'AndroidTargetPlatform' loaded TargetPlatform 'Android_ETC1aClient'
[2020.02.24-21.34.02:466][  0]LogTemp: Display: Module 'AndroidTargetPlatform' loaded TargetPlatform 'Android_ETC2Client'
[2020.02.24-21.34.02:466][  0]LogTemp: Display: Module 'AndroidTargetPlatform' loaded TargetPlatform 'Android_PVRTCClient'
[2020.02.24-21.34.02:466][  0]LogTemp: Display: Module 'AndroidTargetPlatform' loaded TargetPlatform 'Android_Multi'
[2020.02.24-21.34.02:466][  0]LogTemp: Display: Module 'AndroidTargetPlatform' loaded TargetPlatform 'Android_MultiClient'
[2020.02.24-21.34.02:486][  0]LogTemp: Display: Module 'HTML5TargetPlatform' loaded TargetPlatform 'HTML5'
[2020.02.24-21.34.02:673][  0]LogTemp: Display: Module 'IOSTargetPlatform' loaded TargetPlatform 'IOSClient'
[2020.02.24-21.34.02:673][  0]LogTemp: Display: Module 'IOSTargetPlatform' loaded TargetPlatform 'IOS'
[2020.02.24-21.34.02:747][  0]LogTemp: Display: Module 'TVOSTargetPlatform' loaded TargetPlatform 'TVOSClient'
[2020.02.24-21.34.02:747][  0]LogTemp: Display: Module 'TVOSTargetPlatform' loaded TargetPlatform 'TVOS'
[2020.02.24-21.34.02:811][  0]LogTemp: Display: Module 'LinuxClientTargetPlatform' loaded TargetPlatform 'LinuxClient'
[2020.02.24-21.34.02:938][  0]LogTemp: Display: Module 'LinuxNoEditorTargetPlatform' loaded TargetPlatform 'LinuxNoEditor'
[2020.02.24-21.34.02:964][  0]LogTemp: Display: Module 'LinuxServerTargetPlatform' loaded TargetPlatform 'LinuxServer'
[2020.02.24-21.34.03:013][  0]LogTemp: Display: Module 'LinuxTargetPlatform' loaded TargetPlatform 'Linux'
[2020.02.24-21.34.03:085][  0]LogTemp: Display: Module 'LuminTargetPlatform' loaded TargetPlatform 'Lumin'
[2020.02.24-21.34.03:085][  0]LogTemp: Display: Module 'LuminTargetPlatform' loaded TargetPlatform 'LuminClient'
[2020.02.24-21.34.03:085][  0]LogTargetPlatformManager: Display: Building Assets For Windows
[2020.02.24-21.34.03:686][  0]LogAudioDebug: Display: Lib vorbis DLL was dynamically loaded.
[2020.02.24-21.34.04:823][  0]LogShaderCompilers: Guid format shader working directory is -27 characters bigger than the processId version (../../../../../../Users/ramse/Documents/Unreal Projects/SonicGenerations/Intermediate/Shaders/WorkingDirectory/13292/).
[2020.02.24-21.34.04:824][  0]LogShaderCompilers: Cleaned the shader compiler working directory 'C:/Users/ramse/AppData/Local/Temp/UnrealShaderWorkingDir/C5497FFE4AD6E690FA2777A740521A36/'.
[2020.02.24-21.34.04:969][  0]LogXGEController: Cannot use XGE Controller as Incredibuild is not installed on this machine.
[2020.02.24-21.34.04:970][  0]LogShaderCompilers: Cannot use XGE Shader Compiler as Incredibuild is not installed on this machine.
[2020.02.24-21.34.04:970][  0]LogShaderCompilers: Display: Using Local Shader Compiler.
[2020.02.24-21.34.18:523][  0]LogDerivedDataCache: Display: Max Cache Size: 512 MB
[2020.02.24-21.34.20:256][  0]LogDerivedDataCache: Loaded boot cache 1.70s 71MB C:/Users/ramse/AppData/Local/UnrealEngine/4.22/DerivedDataCache/Boot.ddc.
[2020.02.24-21.34.20:256][  0]LogDerivedDataCache: Display: Loaded Boot cache: C:/Users/ramse/AppData/Local/UnrealEngine/4.22/DerivedDataCache/Boot.ddc
[2020.02.24-21.34.20:256][  0]LogDerivedDataCache: FDerivedDataBackendGraph:  Pak pak cache file ../../../../../../Users/ramse/Documents/Unreal Projects/SonicGenerations/DerivedDataCache/DDC.ddp not found, will not use a pak cache.
[2020.02.24-21.34.20:257][  0]LogDerivedDataCache: Unable to find inner node Pak for hierarchical cache Hierarchy.
[2020.02.24-21.34.20:257][  0]LogDerivedDataCache: FDerivedDataBackendGraph:  CompressedPak pak cache file ../../../../../../Users/ramse/Documents/Unreal Projects/SonicGenerations/DerivedDataCache/Compressed.ddp not found, will not use a pak cache.
[2020.02.24-21.34.20:257][  0]LogDerivedDataCache: Unable to find inner node CompressedPak for hierarchical cache Hierarchy.
[2020.02.24-21.34.20:411][  0]LogDerivedDataCache: Display: Pak cache opened for reading ../../../Engine/DerivedDataCache/Compressed.ddp.
[2020.02.24-21.34.20:412][  0]LogDerivedDataCache: FDerivedDataBackendGraph:  EnterprisePak pak cache file ../../../Enterprise/DerivedDataCache/Compressed.ddp not found, will not use a pak cache.
[2020.02.24-21.34.20:412][  0]LogDerivedDataCache: Unable to find inner node EnterprisePak for hierarchical cache Hierarchy.
[2020.02.24-21.34.20:560][  0]LogDerivedDataCache: Using Local data cache path C:/Users/ramse/AppData/Local/UnrealEngine/Common/DerivedDataCache: Writable
[2020.02.24-21.34.20:560][  0]LogDerivedDataCache: Shared data cache path not found in *engine.ini, will not use an Shared cache.
[2020.02.24-21.34.20:560][  0]LogDerivedDataCache: Unable to find inner node Shared for hierarchical cache Hierarchy.
[2020.02.24-21.34.20:703][  0]LogMaterial: Verifying Global Shaders for PCD3D_SM5
[2020.02.24-21.34.20:903][  0]LogSlate: Using FreeType 2.6.0
[2020.02.24-21.34.21:062][  0]LogSlate: SlateFontServices - WITH_FREETYPE: 1, WITH_HARFBUZZ: 1
[2020.02.24-21.34.23:834][  0]LogAssetRegistry: FAssetRegistry took 0.0819 seconds to start up
[2020.02.24-21.34.30:259][  0]LogInit: Selected Device Profile: [Windows]
[2020.02.24-21.34.33:373][  0]LogMeshReduction: Using QuadricMeshReduction for automatic static mesh reduction
[2020.02.24-21.34.33:373][  0]LogMeshReduction: Using SimplygonMeshReduction for automatic skeletal mesh reduction
[2020.02.24-21.34.33:373][  0]LogMeshReduction: Using ProxyLODMeshReduction for automatic mesh merging
[2020.02.24-21.34.33:373][  0]LogMeshReduction: No distributed automatic mesh merging module available
[2020.02.24-21.34.33:373][  0]LogMeshMerging: No distributed automatic mesh merging module available
[2020.02.24-21.34.34:274][  0]LogNetVersion: SonicGenerations 1.0.0, NetCL: 5660361, EngineNetVer: 10, GameNetVer: 0 (Checksum: 3921513358)
[2020.02.24-21.34.44:247][  0]LogAssetRegistry: Error: Failed to open file for write ../../../../../../Users/ramse/Documents/Unreal Projects/SonicGenerations/Intermediate/CachedAssetRegistry.bin
[2020.02.24-21.34.44:247][  0]LogAssetRegistry: Error: Failed to open file for write ../../../../../../Users/ramse/Documents/Unreal Projects/SonicGenerations/Intermediate/AssetRegistryCache/2657c409.bin
[2020.02.24-21.34.44:294][  0]LogAssetRegistry: Error: Failed to open file for write ../../../../../../Users/ramse/Documents/Unreal Projects/SonicGenerations/Intermediate/AssetRegistryCache/6bead350.bin
[2020.02.24-21.34.44:319][  0]LogAssetRegistry: Error: Failed to open file for write ../../../../../../Users/ramse/Documents/Unreal Projects/SonicGenerations/Intermediate/AssetRegistryCache/c9e91a3f.bin
[2020.02.24-21.34.44:392][  0]LogAssetRegistry: Error: Failed to open file for write ../../../../../../Users/ramse/Documents/Unreal Projects/SonicGenerations/Intermediate/AssetRegistryCache/8e9331e2.bin
[2020.02.24-21.34.44:437][  0]LogAssetRegistry: Error: Failed to open file for write ../../../../../../Users/ramse/Documents/Unreal Projects/SonicGenerations/Intermediate/AssetRegistryCache/52ed2538.bin
[2020.02.24-21.34.44:451][  0]LogAssetRegistry: Error: Failed to open file for write ../../../../../../Users/ramse/Documents/Unreal Projects/SonicGenerations/Intermediate/AssetRegistryCache/1f683343.bin
[2020.02.24-21.34.44:455][  0]LogPackageLocalizationCache: Processed 10 localized package path(s) for 1 prioritized culture(s) in 0.298841 seconds
[2020.02.24-21.34.44:508][  0]LogUObjectArray: 42205 objects as part of root set at end of initial load.
[2020.02.24-21.34.44:508][  0]LogUObjectAllocator: 7325032 out of 0 bytes used by permanent object pool.
[2020.02.24-21.34.44:508][  0]LogUObjectArray: CloseDisregardForGC: 0/0 objects in disregard for GC pool
[2020.02.24-21.35.21:840][  0]LogTcpMessaging: Initializing TcpMessaging bridge
[2020.02.24-21.35.21:918][  0]LogUdpMessaging: Initializing bridge on interface 0.0.0.0:0 to multicast group 230.0.0.1:6666.
[2020.02.24-21.35.23:130][  0]SourceControl: Source control is disabled
[2020.02.24-21.35.23:150][  0]SourceControl: Source control is disabled
[2020.02.24-21.35.23:315][  0]SourceControl: Source control is disabled
[2020.02.24-21.35.23:347][  0]SourceControl: Source control is disabled
[2020.02.24-21.35.25:296][  0]LogAndroidPermission: UAndroidPermissionCallbackProxy::GetInstance
[2020.02.24-21.35.25:969][  0]LogOcInput: OculusInput pre-init called
[2020.02.24-21.35.28:602][  0]LogEngine: Initializing Engine...
[2020.02.24-21.35.28:670][  0]LogHMD: Failed to initialize OpenVR with code 110
[2020.02.24-21.35.28:673][  0]LogStats: UGameplayTagsManager::InitializeManager -  0.001 s
[2020.02.24-21.35.30:366][  0]LogInit: Initializing FReadOnlyCVARCache
[2020.02.24-21.35.30:831][  0]LogAIModule: Creating AISystem for world Untitled
[2020.02.24-21.35.31:204][  0]LogInit: XAudio2 using 'Altavoces (Realtek High Definition Audio)' : 2 channels at 48 kHz using 32 bits per sample (channel mask 0x3)
[2020.02.24-21.35.31:567][  0]LogInit: FAudioDevice initialized.
[2020.02.24-21.35.31:567][  0]LogNetVersion: Set ProjectVersion to 1.0.0.0. Version Checksum will be recalculated on next use.
[2020.02.24-21.35.32:595][  0]LogDerivedDataCache: Error: Could not save memory cache C:/Users/ramse/AppData/Local/UnrealEngine/4.22/DerivedDataCache/Boot.ddc.
[2020.02.24-21.35.32:596][  0]LogInit: Texture streaming: Enabled
[2020.02.24-21.35.34:760][  0]LogEngineSessionManager: EngineSessionManager initialized
[2020.02.24-21.35.34:761][  0]LogEngineSessionManager: EngineSessionManager sent abnormal shutdown report. Type=Crashed, SessionId={14C5CA33-4EEC-AE40-53B8-5995C7B9E93E}
[2020.02.24-21.35.36:423][  0]LogInit: Transaction tracking system initialized
[2020.02.24-21.35.37:641][  0]BlueprintLog: New page: Editor Load
[2020.02.24-21.35.41:549][  0]LocalizationService: Localization service is disabled
[2020.02.24-21.35.43:071][  0]LogLinker: Warning: Can't find file '/Game/TopDownCPP/TopDownOverview'
[2020.02.24-21.35.43:072][  0]LogLinker: Warning: Can't find file '/Game/TopDownCPP/TopDownOverview'
[2020.02.24-21.35.43:072][  0]LogUObjectGlobals: Warning: Failed to find object 'Class /Game/TopDownCPP/TopDownOverview.TopDownOverview_C'
[2020.02.24-21.35.51:677][  0]LogFileCache: Scanning file cache for directory 'C:/Users/ramse/Documents/Unreal Projects/SonicGenerations/Content/' took 0.41s
[2020.02.24-21.35.51:677][  0]LogCook: Display: Max memory allowance for cook 16384mb min free memory 0mb
[2020.02.24-21.35.51:677][  0]LogCook: Display: Mobile HDR setting 1
[2020.02.24-21.36.01:893][  0]SourceControl: Source control is disabled
[2020.02.24-21.36.02:021][  0]Cmd: MAP LOAD FILE="../../../../../../Users/ramse/Documents/Unreal Projects/SonicGenerations/Content/Levels/MechanicRoom.umap" TEMPLATE=0 SHOWPROGRESS=1 FEATURELEVEL=3
[2020.02.24-21.36.02:363][  0]LightingResults: New page: Lighting Build
[2020.02.24-21.36.03:327][  0]MapCheck: New page: Map Check
[2020.02.24-21.36.03:327][  0]LightingResults: New page: Lighting Build
[2020.02.24-21.36.04:419][  0]LogUObjectHash: Compacting FUObjectHashTables data took   2.09ms
[2020.02.24-21.36.09:465][  0]LogLinker: Warning: Can't find file '/Game/DashEngine/Characters/Sonic/Sounds/Effects/BoostWindLp'
[2020.02.24-21.36.09:466][  0]LogLinker: Warning: Can't find file for asset '/Game/DashEngine/Characters/Sonic/Sounds/Effects/BoostWindLp' while loading NULL.
[2020.02.24-21.36.09:466][  0]LogLinker: Warning: Can't find file '/Game/DashEngine/Characters/Sonic/Sounds/Effects/EnterMachspeed'
[2020.02.24-21.36.09:466][  0]LogLinker: Warning: Can't find file for asset '/Game/DashEngine/Characters/Sonic/Sounds/Effects/EnterMachspeed' while loading NULL.
[2020.02.24-21.36.09:466][  0]LogLinker: Warning: Can't find file '/Game/DashEngine/Characters/Sonic/Sounds/Effects/BoostWindLp'
[2020.02.24-21.36.09:466][  0]LogLinker: Warning: Can't find file for asset '/Game/DashEngine/Characters/Sonic/Sounds/Effects/BoostWindLp' while loading NULL.
[2020.02.24-21.36.09:467][  0]LogLinker: Warning: Can't find file '/Game/DashEngine/Characters/Sonic/Sounds/Effects/EnterMachspeed'
[2020.02.24-21.36.09:467][  0]LogLinker: Warning: Can't find file for asset '/Game/DashEngine/Characters/Sonic/Sounds/Effects/EnterMachspeed' while loading NULL.
[2020.02.24-21.36.10:322][  0]LogLinker: Warning: Can't find file '/Game/DashEngine/Objects/Rings/Materials/RingParticleMaterial'
[2020.02.24-21.36.10:322][  0]LogLinker: Warning: Can't find file for asset '/Game/DashEngine/Objects/Rings/Materials/RingParticleMaterial' while loading NULL.
[2020.02.24-21.36.10:323][  0]LogLinker: Warning: Can't find file '/Game/DashEngine/Objects/Rings/Materials/RingParticleMaterial'
[2020.02.24-21.36.10:323][  0]LogLinker: Warning: Can't find file for asset '/Game/DashEngine/Objects/Rings/Materials/RingParticleMaterial' while loading NULL.
[2020.02.24-21.36.11:339][  0]LogLinker: Warning: Can't find file '/Game/DashEngine/Characters/Sonic/Sounds/Effects/EnterMachspeed'
[2020.02.24-21.36.11:339][  0]LoadErrors: Failed to load /Game/DashEngine/Characters/Sonic/Sounds/Effects/EnterMachspeed.EnterMachspeed Referenced by SoundNodeWavePlayer_0
[2020.02.24-21.36.11:340][  0]LogLinker: Warning: Can't find file for asset '/Game/DashEngine/Characters/Sonic/Sounds/Effects/EnterMachspeed' while loading NULL.
[2020.02.24-21.36.11:340][  0]LogLinker: Warning: Can't find file '/Game/DashEngine/Characters/Sonic/Sounds/Effects/BoostWindLp'
[2020.02.24-21.36.11:340][  0]LoadErrors: Failed to load /Game/DashEngine/Characters/Sonic/Sounds/Effects/BoostWindLp.BoostWindLp Referenced by SoundNodeWavePlayer_2
[2020.02.24-21.36.11:341][  0]LogLinker: Warning: Can't find file for asset '/Game/DashEngine/Characters/Sonic/Sounds/Effects/BoostWindLp' while loading NULL.
[2020.02.24-21.36.12:050][  0]LogLinker: Warning: Can't find file '/Game/DashEngine/Objects/Rings/Materials/RingParticleMaterial'
[2020.02.24-21.36.12:050][  0]LoadErrors: Failed to load /Game/DashEngine/Objects/Rings/Materials/RingParticleMaterial.RingParticleMaterial Referenced by ParticleModuleRequired_0
[2020.02.24-21.36.12:050][  0]LogLinker: Warning: Can't find file for asset '/Game/DashEngine/Objects/Rings/Materials/RingParticleMaterial' while loading NULL.
[2020.02.24-21.36.14:408][  0]LogLinker: Warning: Can't find file '/Game/DashEngine/Characters/Sonic/Sounds/Effects/EnterMachspeed'
[2020.02.24-21.36.14:408][  0]LogUObjectGlobals: Warning: Failed to find object 'Object /Game/DashEngine/Characters/Sonic/Sounds/Effects/EnterMachspeed.EnterMachspeed'
[2020.02.24-21.36.14:409][  0]LogLinker: Warning: Can't find file '/Game/DashEngine/Characters/Sonic/Sounds/Effects/BoostWindLp'
[2020.02.24-21.36.14:409][  0]LogUObjectGlobals: Warning: Failed to find object 'Object /Game/DashEngine/Characters/Sonic/Sounds/Effects/BoostWindLp.BoostWindLp'
[2020.02.24-21.36.16:378][  0]LogAIModule: Creating AISystem for world MechanicRoom
[2020.02.24-21.36.24:537][  0]LogEditorServer: Finished looking for orphan Actors (0.000 secs)
[2020.02.24-21.36.24:782][  0]LogUObjectHash: Compacting FUObjectHashTables data took   2.51ms
[2020.02.24-21.36.24:783][  0]Cmd: MAP CHECKDEP NOCLEARLOG
[2020.02.24-21.36.24:803][  0]MapCheck: Map check complete: 0 Error(s), 0 Warning(s), took 8.637ms to complete.
[2020.02.24-21.36.24:803][  0]LogFileHelpers: Loading map 'MechanicRoom' took 22.866
[2020.02.24-21.36.27:503][  0]LogSlate: Updating window title bar state: overlay mode, drag disabled, window buttons hidden, title bar hidden
[2020.02.24-21.36.27:514][  0]LogSlate: Updating window title bar state: overlay mode, drag disabled, window buttons hidden, title bar hidden
[2020.02.24-21.36.27:523][  0]LogSlate: Updating window title bar state: overlay mode, drag disabled, window buttons hidden, title bar hidden
[2020.02.24-21.36.27:531][  0]LogSlate: Updating window title bar state: overlay mode, drag disabled, window buttons hidden, title bar hidden
[2020.02.24-21.36.27:844][  0]LogCollectionManager: Loaded 0 collections in 0.002434 seconds
[2020.02.24-21.36.28:231][  0]LogFileCache: Scanning file cache for directory 'C:/Users/ramse/Documents/Unreal Projects/SonicGenerations/Saved/Collections/' took 0.01s
[2020.02.24-21.36.28:231][  0]LogFileCache: Scanning file cache for directory 'C:/Users/ramse/Documents/Unreal Projects/SonicGenerations/Content/Developers/ramse/Collections/' took 0.01s
[2020.02.24-21.36.28:231][  0]LogFileCache: Scanning file cache for directory 'C:/Users/ramse/Documents/Unreal Projects/SonicGenerations/Content/Collections/' took 0.00s
[2020.02.24-21.36.28:231][  0]LogCollectionManager: Rebuilt the GUID cache for 0 collections in 0.000001 seconds
[2020.02.24-21.36.28:306][  0]LogContentBrowser: Native class hierarchy populated in 0.0697 seconds. Added 2733 classes and 661 folders.
[2020.02.24-21.36.28:492][  0]LogContentBrowser: Native class hierarchy updated for 'WidgetCarousel' in 0.0005 seconds. Added 0 classes and 0 folders.
[2020.02.24-21.36.28:857][  0]LogPakFile: Registered encryption key '00000000000000000000000000000000': 0 pak files mounted, 0 remain pending
[2020.02.24-21.36.29:039][  0]LogPakFile: Registered encryption key '00000000000000000000000000000000': 0 pak files mounted, 0 remain pending
[2020.02.24-21.36.29:244][  0]LogPakFile: Registered encryption key '00000000000000000000000000000000': 0 pak files mounted, 0 remain pending
[2020.02.24-21.36.29:299][  0]LogPakFile: Registered encryption key '00000000000000000000000000000000': 0 pak files mounted, 0 remain pending
[2020.02.24-21.36.29:406][  0]LogPakFile: Registered encryption key '00000000000000000000000000000000': 0 pak files mounted, 0 remain pending
[2020.02.24-21.36.29:432][  0]LogPakFile: Registered encryption key '00000000000000000000000000000000': 0 pak files mounted, 0 remain pending
[2020.02.24-21.36.29:474][  0]LogPakFile: Registered encryption key '00000000000000000000000000000000': 0 pak files mounted, 0 remain pending
[2020.02.24-21.36.29:492][  0]LogPakFile: Registered encryption key '00000000000000000000000000000000': 0 pak files mounted, 0 remain pending
[2020.02.24-21.36.29:561][  0]LogPakFile: Registered encryption key '00000000000000000000000000000000': 0 pak files mounted, 0 remain pending
[2020.02.24-21.36.29:667][  0]LogPakFile: Registered encryption key '00000000000000000000000000000000': 0 pak files mounted, 0 remain pending
[2020.02.24-21.36.29:775][  0]LogPakFile: Registered encryption key '00000000000000000000000000000000': 0 pak files mounted, 0 remain pending
[2020.02.24-21.36.29:794][  0]LogPakFile: Registered encryption key '00000000000000000000000000000000': 0 pak files mounted, 0 remain pending
[2020.02.24-21.36.29:825][  0]LogPakFile: Registered encryption key '00000000000000000000000000000000': 0 pak files mounted, 0 remain pending
[2020.02.24-21.36.29:918][  0]LogPakFile: Registered encryption key '00000000000000000000000000000000': 0 pak files mounted, 0 remain pending
[2020.02.24-21.36.29:955][  0]LogPakFile: Registered encryption key '00000000000000000000000000000000': 0 pak files mounted, 0 remain pending
[2020.02.24-21.36.29:976][  0]LogPakFile: Registered encryption key '00000000000000000000000000000000': 0 pak files mounted, 0 remain pending
[2020.02.24-21.36.30:017][  0]LogPakFile: Registered encryption key '00000000000000000000000000000000': 0 pak files mounted, 0 remain pending
[2020.02.24-21.36.30:055][  0]LogPakFile: Registered encryption key '00000000000000000000000000000000': 0 pak files mounted, 0 remain pending
[2020.02.24-21.36.30:071][  0]LogPakFile: Registered encryption key '00000000000000000000000000000000': 0 pak files mounted, 0 remain pending
[2020.02.24-21.36.30:160][  0]LogPakFile: Registered encryption key '00000000000000000000000000000000': 0 pak files mounted, 0 remain pending
[2020.02.24-21.36.30:199][  0]LogPakFile: Registered encryption key '00000000000000000000000000000000': 0 pak files mounted, 0 remain pending
[2020.02.24-21.36.30:223][  0]LogPakFile: Registered encryption key '00000000000000000000000000000000': 0 pak files mounted, 0 remain pending
[2020.02.24-21.36.30:275][  0]LogPakFile: Registered encryption key '00000000000000000000000000000000': 0 pak files mounted, 0 remain pending
[2020.02.24-21.36.30:314][  0]LogPakFile: Registered encryption key '00000000000000000000000000000000': 0 pak files mounted, 0 remain pending
[2020.02.24-21.36.30:331][  0]LogPakFile: Registered encryption key '00000000000000000000000000000000': 0 pak files mounted, 0 remain pending
[2020.02.24-21.36.30:353][  0]LogPakFile: Registered encryption key '00000000000000000000000000000000': 0 pak files mounted, 0 remain pending
[2020.02.24-21.36.34:034][  0]LogContentBrowser: Native class hierarchy updated for 'AddContentDialog' in 0.0006 seconds. Added 0 classes and 0 folders.
[2020.02.24-21.36.34:261][  0]LogContentBrowser: Native class hierarchy updated for 'SceneOutliner' in 0.0004 seconds. Added 1 classes and 2 folders.
[2020.02.24-21.36.37:013][  0]LogSlate: Took 0.054422 seconds to synchronously load lazily loaded font '../../../Engine/Content/Slate/Fonts/Roboto-Regular.ttf' (155K)
[2020.02.24-21.36.37:068][  0]LogSlate: Took 0.052857 seconds to synchronously load lazily loaded font '../../../Engine/Content/Slate/Fonts/Roboto-Bold.ttf' (160K)
[2020.02.24-21.36.37:152][  0]LogSlate: Took 0.046378 seconds to synchronously load lazily loaded font '../../../Engine/Content/Editor/Slate/Fonts/FontAwesome.ttf' (139K)
[2020.02.24-21.36.38:245][  0]LogRenderer: Reallocating scene render targets to support 964x448 Format 10 NumSamples 1 (Frame:1).
[2020.02.24-21.36.39:853][  0]LogContentBrowser: Native class hierarchy updated for 'HierarchicalLODOutliner' in 0.0005 seconds. Added 0 classes and 0 folders.
[2020.02.24-21.36.39:853][  0]LogLoad: (Engine Initialization) Total time: 227.55 seconds
[2020.02.24-21.36.39:853][  0]LogLoad: (Engine Initialization) Total Blueprint compile time: 0.00 seconds
[2020.02.24-21.36.40:389][  0]LogContentStreaming: Texture pool size now 1000 MB
[2020.02.24-21.36.40:407][  0]LogSlate: FSceneViewport::OnFocusLost() reason 2
[2020.02.24-21.36.40:693][  0]LogSlate: Took 0.013664 seconds to synchronously load lazily loaded font '../../../Engine/Content/Slate/Fonts/Roboto-Light.ttf' (167K)
[2020.02.24-21.36.41:100][  1]LogLinker: Warning: Can't find file '/Game/DashEngine/Characters/Sonic/Meshes/Sonic'
[2020.02.24-21.36.41:100][  1]LogLinker: Warning: Can't find file '/Game/DashEngine/Characters/Sonic/Meshes/Sonic'
[2020.02.24-21.36.41:100][  1]LogUObjectGlobals: Warning: Failed to find object 'Object /Game/DashEngine/Characters/Sonic/Meshes/Sonic.Sonic'
[2020.02.24-21.36.41:347][  1]LogAssetRegistry: Asset discovery search completed in 137.5379 seconds
[2020.02.24-21.36.41:447][  1]LogCollectionManager: Rebuilt the object cache for 0 collections in 0.000001 seconds (found 0 objects)
[2020.02.24-21.36.41:447][  1]LogCollectionManager: Fixed up redirectors for 0 collections in 0.000067 seconds (updated 0 objects)
[2020.02.24-21.37.32:940][977]LogSlate: FSceneViewport::OnFocusLost() reason 2
[2020.02.24-21.37.32:948][977]LogSlate: Window 'Message Log' being destroyed
[2020.02.24-21.37.39:302][354]LogSlate: FSceneViewport::OnFocusLost() reason 2
[2020.02.24-21.37.55:826][328]LogSlate: Window 'Message Log' being destroyed
[2020.02.24-21.37.55:829][328]LogSlate: Window 'Message Log' being destroyed
[2020.02.24-21.37.59:101][519]LogSlate: Took 0.000221 seconds to synchronously load lazily loaded font '../../../Engine/Content/Slate/Fonts/Roboto-Light.ttf' (167K)
[2020.02.24-21.37.59:114][519]LogAssetEditorManager: Opening Asset editor for SoundCue /Game/Objects/Sonidos/MachspeedCue.MachspeedCue
[2020.02.24-21.38.00:074][519]LogSlate: Took 0.022424 seconds to synchronously load lazily loaded font '../../../Engine/Content/Slate/Fonts/Roboto-BoldCondensed.ttf' (158K)
[2020.02.24-21.38.04:020][680]LogSlate: Window 'MachspeedCue' being destroyed
[2020.02.24-21.38.24:696][905]LogBlueprintUserMessages: Early PlayInEditor Detection: Level '/Game/Levels/MechanicRoom.MechanicRoom:PersistentLevel' has LevelScriptBlueprint '/Game/Levels/MechanicRoom.MechanicRoom:PersistentLevel.MechanicRoom' with GeneratedClass '/Game/Levels/MechanicRoom.MechanicRoom_C' with ClassGeneratedBy '/Game/Levels/MechanicRoom.MechanicRoom:PersistentLevel.MechanicRoom'
[2020.02.24-21.38.24:696][905]LogPlayLevel: PlayLevel: No blueprints needed recompiling
[2020.02.24-21.38.24:706][905]PIE: New page: PIE session: MechanicRoom (Feb 24, 2020, 9:38:24 AM)
[2020.02.24-21.38.24:749][905]LogPlayLevel: Creating play world package: /Game/Levels/UEDPIE_0_MechanicRoom
[2020.02.24-21.38.24:834][905]LogPlayLevel: PIE: StaticDuplicateObject took: (0.084455s)
[2020.02.24-21.38.24:835][905]LogAIModule: Creating AISystem for world MechanicRoom
[2020.02.24-21.38.24:835][905]LogPlayLevel: PIE: World Init took: (0.000733s)
[2020.02.24-21.38.24:835][905]LogPlayLevel: PIE: Created PIE world by copying editor world from /Game/Levels/MechanicRoom.MechanicRoom to /Game/Levels/UEDPIE_0_MechanicRoom.MechanicRoom (0.085527s)
[2020.02.24-21.38.24:859][905]LogUObjectHash: Compacting FUObjectHashTables data took   1.53ms
[2020.02.24-21.38.25:004][905]LogInit: XAudio2 using 'Altavoces (Realtek High Definition Audio)' : 2 channels at 48 kHz using 32 bits per sample (channel mask 0x3)
[2020.02.24-21.38.25:025][905]LogInit: FAudioDevice initialized.
[2020.02.24-21.38.25:264][905]LogLoad: Game class is 'ThirdPersonGameMode_C'
[2020.02.24-21.38.25:344][905]LogWorld: Bringing World /Game/Levels/UEDPIE_0_MechanicRoom.MechanicRoom up for play (max tick rate 60) at 2020.02.24-15.38.25
[2020.02.24-21.38.25:366][905]LogWorld: Bringing up level for play took: 0.024345
[2020.02.24-21.38.25:618][905]LogContentBrowser: Native class hierarchy updated for 'MovieSceneCapture' in 0.0005 seconds. Added 20 classes and 0 folders.
[2020.02.24-21.38.26:375][905]LogScript: Warning: Accessed None trying to read property CallFunc_MyGameInstance_GameInstance
	DefaultHUD_C /Engine/Transient.UnrealEdEngine_0:GameInstance_0.DefaultHUD_C_0
	Function /Game/System/DefaultHUD.DefaultHUD_C:ExecuteUbergraph_DefaultHUD:00D2
[2020.02.24-21.38.26:421][905]PIE: Error: Blueprint Runtime Error: "Accessed None trying to read property CallFunc_MyGameInstance_GameInstance". Blueprint:  DefaultHUD Function:  Execute Ubergraph Default HUD Graph:  EventGraph Node:  Set ElapsedTime
[2020.02.24-21.38.26:421][905]LogOutputDevice: Warning: 

Script Stack (4 frames):
DefaultHUD_C.RefreshRings
BP_FunctionLibrary_C.RefreshHUD
PlayerHUD_C.ExecuteUbergraph_PlayerHUD
PlayerHUD_C.ReceiveBeginPlay

[2020.02.24-21.38.26:421][905]LogWindows: Windows GetLastError: La operación se completó correctamente. (0)
[2020.02.24-21.38.50:132][905]LogWindows: Error: === Critical error: ===
[2020.02.24-21.38.50:132][905]LogWindows: Error: 
[2020.02.24-21.38.50:132][905]LogWindows: Error: Fatal error: [File:D:\Build\++UE4\Sync\Engine\Source\Runtime\CoreUObject\Private\UObject\ScriptCore.cpp] [Line: 1211] 
[2020.02.24-21.38.50:132][905]LogWindows: Error: Failed to find function SetText in CanvasPanel /Engine/Transient.UnrealEdEngine_0:GameInstance_0.DefaultHUD_C_0.WidgetTree_0.CanvasPanel
[2020.02.24-21.38.50:132][905]LogWindows: Error: 
[2020.02.24-21.38.50:132][905]LogWindows: Error: 
[2020.02.24-21.38.50:132][905]LogWindows: Error: [Callstack] 0x00007ffe56f7a839 KERNELBASE.dll!UnknownFunction []
[2020.02.24-21.38.50:132][905]LogWindows: Error: [Callstack] 0x00007ffe116f1f07 UE4Editor-Core.dll!UnknownFunction []
[2020.02.24-21.38.50:132][905]LogWindows: Error: [Callstack] 0x00007ffe116f46b7 UE4Editor-Core.dll!UnknownFunction []
[2020.02.24-21.38.50:132][905]LogWindows: Error: [Callstack] 0x00007ffe11507cea UE4Editor-Core.dll!UnknownFunction []
[2020.02.24-21.38.50:132][905]LogWindows: Error: [Callstack] 0x00007ffe1148fe07 UE4Editor-Core.dll!UnknownFunction []
[2020.02.24-21.38.50:132][905]LogWindows: Error: [Callstack] 0x00007ffe10fcc45d UE4Editor-CoreUObject.dll!UnknownFunction []
[2020.02.24-21.38.50:132][905]LogWindows: Error: [Callstack] 0x00007ffe10ff8092 UE4Editor-CoreUObject.dll!UnknownFunction []
[2020.02.24-21.38.50:132][905]LogWindows: Error: [Callstack] 0x00007ffe10fdcbc1 UE4Editor-CoreUObject.dll!UnknownFunction []
[2020.02.24-21.38.50:132][905]LogWindows: Error: [Callstack] 0x00007ffe10fde98d UE4Editor-CoreUObject.dll!UnknownFunction []
[2020.02.24-21.38.50:132][905]LogWindows: Error: [Callstack] 0x00007ffe10fb5efb UE4Editor-CoreUObject.dll!UnknownFunction []
[2020.02.24-21.38.50:132][905]LogWindows: Error: [Callstack] 0x00007ffe10fde6a9 UE4Editor-CoreUObject.dll!UnknownFunction []
[2020.02.24-21.38.50:132][905]LogWindows: Error: [Callstack] 0x00007ffe10fdcbc1 UE4Editor-CoreUObject.dll!UnknownFunction []
[2020.02.24-21.38.50:132][905]LogWindows: Error: [Callstack] 0x00007ffe10fde98d UE4Editor-CoreUObject.dll!UnknownFunction []
[2020.02.24-21.38.50:132][905]LogWindows: Error: [Callstack] 0x00007ffe10fb5efb UE4Editor-CoreUObject.dll!UnknownFunction []
[2020.02.24-21.38.50:132][905]LogWindows: Error: [Callstack] 0x00007ffe10fde6a9 UE4Editor-CoreUObject.dll!UnknownFunction []
[2020.02.24-21.38.50:132][905]LogWindows: Error: [Callstack] 0x00007ffe10fdcbc1 UE4Editor-CoreUObject.dll!UnknownFunction []
[2020.02.24-21.38.50:132][905]LogWindows: Error: [Callstack] 0x00007ffe10fde98d UE4Editor-CoreUObject.dll!UnknownFunction []
[2020.02.24-21.38.50:132][905]LogWindows: Error: [Callstack] 0x00007ffe10fb5efb UE4Editor-CoreUObject.dll!UnknownFunction []
[2020.02.24-21.38.50:133][905]LogWindows: Error: [Callstack] 0x00007ffe10fde6a9 UE4Editor-CoreUObject.dll!UnknownFunction []
[2020.02.24-21.38.50:133][905]LogWindows: Error: [Callstack] 0x00007ffe10fde98d UE4Editor-CoreUObject.dll!UnknownFunction []
[2020.02.24-21.38.50:133][905]LogWindows: Error: [Callstack] 0x00007ffe10fde378 UE4Editor-CoreUObject.dll!UnknownFunction []
[2020.02.24-21.38.50:133][905]LogWindows: Error: [Callstack] 0x00007ffe10dcbac8 UE4Editor-CoreUObject.dll!UnknownFunction []
[2020.02.24-21.38.50:133][905]LogWindows: Error: [Callstack] 0x00007ffe10fddf07 UE4Editor-CoreUObject.dll!UnknownFunction []
[2020.02.24-21.38.50:133][905]LogWindows: Error: [Callstack] 0x00007ffdfd029ff3 UE4Editor-Engine.dll!UnknownFunction []
[2020.02.24-21.38.50:133][905]LogWindows: Error: [Callstack] 0x00007ffdfcff7358 UE4Editor-Engine.dll!UnknownFunction []
[2020.02.24-21.38.50:133][905]LogWindows: Error: [Callstack] 0x00007ffdfd001af6 UE4Editor-Engine.dll!UnknownFunction []
[2020.02.24-21.38.50:133][905]LogWindows: Error: [Callstack] 0x00007ffdfe11c559 UE4Editor-Engine.dll!UnknownFunction []
[2020.02.24-21.38.50:133][905]LogWindows: Error: [Callstack] 0x00007ffdfd682721 UE4Editor-Engine.dll!UnknownFunction []
[2020.02.24-21.38.50:133][905]LogWindows: Error: [Callstack] 0x00007ffdfe0d6fbe UE4Editor-Engine.dll!UnknownFunction []
[2020.02.24-21.38.50:133][905]LogWindows: Error: [Callstack] 0x00007ffdfd6497bf UE4Editor-Engine.dll!UnknownFunction []
[2020.02.24-21.38.50:133][905]LogWindows: Error: [Callstack] 0x00007ffdfc07b924 UE4Editor-UnrealEd.dll!UnknownFunction []
[2020.02.24-21.38.50:133][905]LogWindows: Error: [Callstack] 0x00007ffdfc09ab24 UE4Editor-UnrealEd.dll!UnknownFunction []
[2020.02.24-21.38.50:133][905]LogWindows: Error: [Callstack] 0x00007ffdfc0b2c7f UE4Editor-UnrealEd.dll!UnknownFunction []
[2020.02.24-21.38.50:133][905]LogWindows: Error: [Callstack] 0x00007ffdfbb8fc4a UE4Editor-UnrealEd.dll!UnknownFunction []
[2020.02.24-21.38.50:133][905]LogWindows: Error: [Callstack] 0x00007ffdfc3ac836 UE4Editor-UnrealEd.dll!UnknownFunction []
[2020.02.24-21.38.50:133][905]LogWindows: Error: [Callstack] 0x00007ff74e7a6bb1 UE4Editor.exe!UnknownFunction []
[2020.02.24-21.38.50:133][905]LogWindows: Error: [Callstack] 0x00007ff74e7b554c UE4Editor.exe!UnknownFunction []
[2020.02.24-21.38.50:133][905]LogWindows: Error: [Callstack] 0x00007ff74e7b55ca UE4Editor.exe!UnknownFunction []
[2020.02.24-21.38.50:133][905]LogWindows: Error: [Callstack] 0x00007ff74e7c316c UE4Editor.exe!UnknownFunction []
[2020.02.24-21.38.50:133][905]LogWindows: Error: [Callstack] 0x00007ff74e7c5b8e UE4Editor.exe!UnknownFunction []
[2020.02.24-21.38.50:133][905]LogWindows: Error: [Callstack] 0x00007ffe58037bd4 KERNEL32.DLL!UnknownFunction []
[2020.02.24-21.38.50:133][905]LogWindows: Error: [Callstack] 0x00007ffe599cced1 ntdll.dll!UnknownFunction []
[2020.02.24-21.38.50:133][905]LogWindows: Error: 
[2020.02.24-21.38.50:158][905]LogExit: Executing StaticShutdownAfterError
[2020.02.24-21.38.50:292][905]LogWindows: FPlatformMisc::RequestExit(1)
[2020.02.24-21.38.50:381][905]Log file closed, 02/24/20 15:38:50
